15:48:54.351 [main] INFO  api.test.UserTests - ********* Creating User *********
15:48:58.596 [main] INFO  api.test.UserTests - ********* User is created *********
15:48:58.626 [main] INFO  api.test.UserTests - ********* Reading User Info *********
15:48:58.949 [main] INFO  api.test.UserTests - ********* User info is displayed *********
15:48:58.956 [main] INFO  api.test.UserTests - ********* Updating User *********
15:48:59.465 [main] INFO  api.test.UserTests - ********* User is updated *********
15:48:59.470 [main] INFO  api.test.UserTests - ********* Deleting User *********
15:48:59.688 [main] INFO  api.test.UserTests - ********* User is deleted *********
15:49:42.168 [main] INFO  api.test.UserTests - ********* Creating User *********
15:49:45.745 [main] INFO  api.test.UserTests - ********* User is created *********
15:49:45.767 [main] INFO  api.test.UserTests - ********* Reading User Info *********
15:49:46.082 [main] INFO  api.test.UserTests - ********* User info is displayed *********
15:49:46.102 [main] INFO  api.test.UserTests - ********* Updating User *********
15:49:46.607 [main] INFO  api.test.UserTests - ********* User is updated *********
15:49:46.633 [main] INFO  api.test.UserTests - ********* Deleting User *********
15:49:46.858 [main] INFO  api.test.UserTests - ********* User is deleted *********
15:52:03.601 [main] DEBUG api.test.UserTests - ********* Creating User *********
15:52:07.230 [main] DEBUG api.test.UserTests - ********* User is created *********
15:52:07.255 [main] INFO  api.test.UserTests - ********* Reading User Info *********
15:52:07.541 [main] INFO  api.test.UserTests - ********* User info is displayed *********
15:52:07.550 [main] INFO  api.test.UserTests - ********* Updating User *********
15:52:08.066 [main] INFO  api.test.UserTests - ********* User is updated *********
15:52:08.072 [main] INFO  api.test.UserTests - ********* Deleting User *********
15:52:08.301 [main] INFO  api.test.UserTests - ********* User is deleted *********
14:48:23.983 [main] DEBUG api.test.UserTests - ********* Creating User *********
14:48:27.616 [main] DEBUG api.test.UserTests - ********* User is created *********
14:48:27.626 [main] INFO  api.test.UserTests - ********* Reading User Info *********
14:48:27.916 [main] INFO  api.test.UserTests - ********* User info is displayed *********
14:48:27.925 [main] INFO  api.test.UserTests - ********* Updating User *********
14:48:28.456 [main] INFO  api.test.UserTests - ********* User is updated *********
14:48:28.462 [main] INFO  api.test.UserTests - ********* Deleting User *********
14:48:28.732 [main] INFO  api.test.UserTests - ********* User is deleted *********
15:17:58.892 [main] DEBUG api.test.UserTests2 - ********* Creating User *********
15:18:03.156 [main] DEBUG api.test.UserTests2 - ********* User is created *********
15:18:03.187 [main] INFO  api.test.UserTests2 - ********* Reading User Info *********
15:18:03.484 [main] INFO  api.test.UserTests2 - ********* User info is displayed *********
15:18:03.493 [main] INFO  api.test.UserTests2 - ********* Updating User *********
15:18:04.020 [main] INFO  api.test.UserTests2 - ********* User is updated *********
15:18:04.034 [main] INFO  api.test.UserTests2 - ********* Deleting User *********
15:18:04.294 [main] INFO  api.test.UserTests2 - ********* User is deleted *********
15:28:57.103 [main] DEBUG org.apache.poi.openxml4j.opc.PackageRelationshipCollection - Parsing relationship: /xl/_rels/workbook.xml.rels
15:28:57.113 [main] DEBUG org.apache.poi.openxml4j.opc.PackageRelationshipCollection - Parsing relationship: /xl/worksheets/_rels/sheet1.xml.rels
15:28:57.117 [main] DEBUG org.apache.poi.openxml4j.opc.PackageRelationshipCollection - Parsing relationship: /_rels/.rels
15:29:00.334 [main] DEBUG org.apache.poi.openxml4j.opc.PackageRelationshipCollection - Parsing relationship: /xl/_rels/workbook.xml.rels
15:29:00.338 [main] DEBUG org.apache.poi.openxml4j.opc.PackageRelationshipCollection - Parsing relationship: /xl/worksheets/_rels/sheet1.xml.rels
15:29:00.340 [main] DEBUG org.apache.poi.openxml4j.opc.PackageRelationshipCollection - Parsing relationship: /_rels/.rels
15:29:00.426 [main] DEBUG org.apache.poi.openxml4j.opc.PackageRelationshipCollection - Parsing relationship: /xl/_rels/workbook.xml.rels
15:29:00.430 [main] DEBUG org.apache.poi.openxml4j.opc.PackageRelationshipCollection - Parsing relationship: /xl/worksheets/_rels/sheet1.xml.rels
15:29:00.433 [main] DEBUG org.apache.poi.openxml4j.opc.PackageRelationshipCollection - Parsing relationship: /_rels/.rels
15:29:00.668 [main] DEBUG org.apache.poi.openxml4j.opc.PackageRelationshipCollection - Parsing relationship: /xl/_rels/workbook.xml.rels
15:29:00.672 [main] DEBUG org.apache.poi.openxml4j.opc.PackageRelationshipCollection - Parsing relationship: /xl/worksheets/_rels/sheet1.xml.rels
15:29:00.677 [main] DEBUG org.apache.poi.openxml4j.opc.PackageRelationshipCollection - Parsing relationship: /_rels/.rels
15:29:00.734 [main] DEBUG org.apache.poi.openxml4j.opc.PackageRelationshipCollection - Parsing relationship: /xl/_rels/workbook.xml.rels
15:29:00.735 [main] DEBUG org.apache.poi.openxml4j.opc.PackageRelationshipCollection - Parsing relationship: /xl/worksheets/_rels/sheet1.xml.rels
15:29:00.737 [main] DEBUG org.apache.poi.openxml4j.opc.PackageRelationshipCollection - Parsing relationship: /_rels/.rels
15:29:00.799 [main] DEBUG org.apache.poi.openxml4j.opc.PackageRelationshipCollection - Parsing relationship: /xl/_rels/workbook.xml.rels
15:29:00.806 [main] DEBUG org.apache.poi.openxml4j.opc.PackageRelationshipCollection - Parsing relationship: /xl/worksheets/_rels/sheet1.xml.rels
15:29:00.810 [main] DEBUG org.apache.poi.openxml4j.opc.PackageRelationshipCollection - Parsing relationship: /_rels/.rels
15:29:00.880 [main] DEBUG org.apache.poi.openxml4j.opc.PackageRelationshipCollection - Parsing relationship: /xl/_rels/workbook.xml.rels
15:29:00.882 [main] DEBUG org.apache.poi.openxml4j.opc.PackageRelationshipCollection - Parsing relationship: /xl/worksheets/_rels/sheet1.xml.rels
15:29:00.884 [main] DEBUG org.apache.poi.openxml4j.opc.PackageRelationshipCollection - Parsing relationship: /_rels/.rels
15:29:00.951 [main] DEBUG org.apache.poi.openxml4j.opc.PackageRelationshipCollection - Parsing relationship: /xl/_rels/workbook.xml.rels
15:29:00.954 [main] DEBUG org.apache.poi.openxml4j.opc.PackageRelationshipCollection - Parsing relationship: /xl/worksheets/_rels/sheet1.xml.rels
15:29:00.957 [main] DEBUG org.apache.poi.openxml4j.opc.PackageRelationshipCollection - Parsing relationship: /_rels/.rels
15:29:01.013 [main] DEBUG org.apache.poi.openxml4j.opc.PackageRelationshipCollection - Parsing relationship: /xl/_rels/workbook.xml.rels
15:29:01.014 [main] DEBUG org.apache.poi.openxml4j.opc.PackageRelationshipCollection - Parsing relationship: /xl/worksheets/_rels/sheet1.xml.rels
15:29:01.016 [main] DEBUG org.apache.poi.openxml4j.opc.PackageRelationshipCollection - Parsing relationship: /_rels/.rels
15:29:01.073 [main] DEBUG org.apache.poi.openxml4j.opc.PackageRelationshipCollection - Parsing relationship: /xl/_rels/workbook.xml.rels
15:29:01.075 [main] DEBUG org.apache.poi.openxml4j.opc.PackageRelationshipCollection - Parsing relationship: /xl/worksheets/_rels/sheet1.xml.rels
15:29:01.077 [main] DEBUG org.apache.poi.openxml4j.opc.PackageRelationshipCollection - Parsing relationship: /_rels/.rels
15:29:01.142 [main] DEBUG org.apache.poi.openxml4j.opc.PackageRelationshipCollection - Parsing relationship: /xl/_rels/workbook.xml.rels
15:29:01.146 [main] DEBUG org.apache.poi.openxml4j.opc.PackageRelationshipCollection - Parsing relationship: /xl/worksheets/_rels/sheet1.xml.rels
15:29:01.149 [main] DEBUG org.apache.poi.openxml4j.opc.PackageRelationshipCollection - Parsing relationship: /_rels/.rels
15:29:01.203 [main] DEBUG org.apache.poi.openxml4j.opc.PackageRelationshipCollection - Parsing relationship: /xl/_rels/workbook.xml.rels
15:29:01.205 [main] DEBUG org.apache.poi.openxml4j.opc.PackageRelationshipCollection - Parsing relationship: /xl/worksheets/_rels/sheet1.xml.rels
15:29:01.206 [main] DEBUG org.apache.poi.openxml4j.opc.PackageRelationshipCollection - Parsing relationship: /_rels/.rels
15:29:01.268 [main] DEBUG org.apache.poi.openxml4j.opc.PackageRelationshipCollection - Parsing relationship: /xl/_rels/workbook.xml.rels
15:29:01.270 [main] DEBUG org.apache.poi.openxml4j.opc.PackageRelationshipCollection - Parsing relationship: /xl/worksheets/_rels/sheet1.xml.rels
15:29:01.283 [main] DEBUG org.apache.poi.openxml4j.opc.PackageRelationshipCollection - Parsing relationship: /_rels/.rels
15:29:01.336 [main] DEBUG org.apache.poi.openxml4j.opc.PackageRelationshipCollection - Parsing relationship: /xl/_rels/workbook.xml.rels
15:29:01.338 [main] DEBUG org.apache.poi.openxml4j.opc.PackageRelationshipCollection - Parsing relationship: /xl/worksheets/_rels/sheet1.xml.rels
15:29:01.341 [main] DEBUG org.apache.poi.openxml4j.opc.PackageRelationshipCollection - Parsing relationship: /_rels/.rels
15:29:01.401 [main] DEBUG org.apache.poi.openxml4j.opc.PackageRelationshipCollection - Parsing relationship: /xl/_rels/workbook.xml.rels
15:29:01.403 [main] DEBUG org.apache.poi.openxml4j.opc.PackageRelationshipCollection - Parsing relationship: /xl/worksheets/_rels/sheet1.xml.rels
15:29:01.405 [main] DEBUG org.apache.poi.openxml4j.opc.PackageRelationshipCollection - Parsing relationship: /_rels/.rels
15:29:01.453 [main] DEBUG org.apache.poi.openxml4j.opc.PackageRelationshipCollection - Parsing relationship: /xl/_rels/workbook.xml.rels
15:29:01.455 [main] DEBUG org.apache.poi.openxml4j.opc.PackageRelationshipCollection - Parsing relationship: /xl/worksheets/_rels/sheet1.xml.rels
15:29:01.457 [main] DEBUG org.apache.poi.openxml4j.opc.PackageRelationshipCollection - Parsing relationship: /_rels/.rels
15:29:01.501 [main] DEBUG org.apache.poi.openxml4j.opc.PackageRelationshipCollection - Parsing relationship: /xl/_rels/workbook.xml.rels
15:29:01.502 [main] DEBUG org.apache.poi.openxml4j.opc.PackageRelationshipCollection - Parsing relationship: /xl/worksheets/_rels/sheet1.xml.rels
15:29:01.503 [main] DEBUG org.apache.poi.openxml4j.opc.PackageRelationshipCollection - Parsing relationship: /_rels/.rels
15:29:01.547 [main] DEBUG org.apache.poi.openxml4j.opc.PackageRelationshipCollection - Parsing relationship: /xl/_rels/workbook.xml.rels
15:29:01.549 [main] DEBUG org.apache.poi.openxml4j.opc.PackageRelationshipCollection - Parsing relationship: /xl/worksheets/_rels/sheet1.xml.rels
15:29:01.551 [main] DEBUG org.apache.poi.openxml4j.opc.PackageRelationshipCollection - Parsing relationship: /_rels/.rels
15:29:01.590 [main] DEBUG org.apache.poi.openxml4j.opc.PackageRelationshipCollection - Parsing relationship: /xl/_rels/workbook.xml.rels
15:29:01.591 [main] DEBUG org.apache.poi.openxml4j.opc.PackageRelationshipCollection - Parsing relationship: /xl/worksheets/_rels/sheet1.xml.rels
15:29:01.593 [main] DEBUG org.apache.poi.openxml4j.opc.PackageRelationshipCollection - Parsing relationship: /_rels/.rels
15:29:01.644 [main] DEBUG org.apache.poi.openxml4j.opc.PackageRelationshipCollection - Parsing relationship: /xl/_rels/workbook.xml.rels
15:29:01.646 [main] DEBUG org.apache.poi.openxml4j.opc.PackageRelationshipCollection - Parsing relationship: /xl/worksheets/_rels/sheet1.xml.rels
15:29:01.648 [main] DEBUG org.apache.poi.openxml4j.opc.PackageRelationshipCollection - Parsing relationship: /_rels/.rels
15:29:01.685 [main] DEBUG org.apache.poi.openxml4j.opc.PackageRelationshipCollection - Parsing relationship: /xl/_rels/workbook.xml.rels
15:29:01.687 [main] DEBUG org.apache.poi.openxml4j.opc.PackageRelationshipCollection - Parsing relationship: /xl/worksheets/_rels/sheet1.xml.rels
15:29:01.689 [main] DEBUG org.apache.poi.openxml4j.opc.PackageRelationshipCollection - Parsing relationship: /_rels/.rels
15:29:01.736 [main] DEBUG org.apache.poi.openxml4j.opc.PackageRelationshipCollection - Parsing relationship: /xl/_rels/workbook.xml.rels
15:29:01.739 [main] DEBUG org.apache.poi.openxml4j.opc.PackageRelationshipCollection - Parsing relationship: /xl/worksheets/_rels/sheet1.xml.rels
15:29:01.741 [main] DEBUG org.apache.poi.openxml4j.opc.PackageRelationshipCollection - Parsing relationship: /_rels/.rels
15:29:01.788 [main] DEBUG org.apache.poi.openxml4j.opc.PackageRelationshipCollection - Parsing relationship: /xl/_rels/workbook.xml.rels
15:29:01.790 [main] DEBUG org.apache.poi.openxml4j.opc.PackageRelationshipCollection - Parsing relationship: /xl/worksheets/_rels/sheet1.xml.rels
15:29:01.792 [main] DEBUG org.apache.poi.openxml4j.opc.PackageRelationshipCollection - Parsing relationship: /_rels/.rels
15:29:06.691 [main] DEBUG org.apache.poi.openxml4j.opc.PackageRelationshipCollection - Parsing relationship: /xl/_rels/workbook.xml.rels
15:29:06.692 [main] DEBUG org.apache.poi.openxml4j.opc.PackageRelationshipCollection - Parsing relationship: /xl/worksheets/_rels/sheet1.xml.rels
15:29:06.693 [main] DEBUG org.apache.poi.openxml4j.opc.PackageRelationshipCollection - Parsing relationship: /_rels/.rels
15:29:06.729 [main] DEBUG org.apache.poi.openxml4j.opc.PackageRelationshipCollection - Parsing relationship: /xl/_rels/workbook.xml.rels
15:29:06.732 [main] DEBUG org.apache.poi.openxml4j.opc.PackageRelationshipCollection - Parsing relationship: /xl/worksheets/_rels/sheet1.xml.rels
15:29:06.733 [main] DEBUG org.apache.poi.openxml4j.opc.PackageRelationshipCollection - Parsing relationship: /_rels/.rels
15:29:06.774 [main] DEBUG org.apache.poi.openxml4j.opc.PackageRelationshipCollection - Parsing relationship: /xl/_rels/workbook.xml.rels
15:29:06.775 [main] DEBUG org.apache.poi.openxml4j.opc.PackageRelationshipCollection - Parsing relationship: /xl/worksheets/_rels/sheet1.xml.rels
15:29:06.777 [main] DEBUG org.apache.poi.openxml4j.opc.PackageRelationshipCollection - Parsing relationship: /_rels/.rels
15:29:06.821 [main] DEBUG org.apache.poi.openxml4j.opc.PackageRelationshipCollection - Parsing relationship: /xl/_rels/workbook.xml.rels
15:29:06.823 [main] DEBUG org.apache.poi.openxml4j.opc.PackageRelationshipCollection - Parsing relationship: /xl/worksheets/_rels/sheet1.xml.rels
15:29:06.825 [main] DEBUG org.apache.poi.openxml4j.opc.PackageRelationshipCollection - Parsing relationship: /_rels/.rels
15:29:10.756 [main] DEBUG api.test.UserTests - ********* Creating User *********
15:29:11.141 [main] DEBUG api.test.UserTests - ********* User is created *********
15:29:11.146 [main] INFO  api.test.UserTests - ********* Reading User Info *********
15:29:11.383 [main] INFO  api.test.UserTests - ********* User info is displayed *********
15:29:11.386 [main] INFO  api.test.UserTests - ********* Updating User *********
15:29:11.879 [main] INFO  api.test.UserTests - ********* User is updated *********
15:29:11.881 [main] INFO  api.test.UserTests - ********* Deleting User *********
15:29:12.112 [main] INFO  api.test.UserTests - ********* User is deleted *********
15:34:31.450 [main] DEBUG api.test.UserTests2 - ********* Creating User *********
15:34:35.964 [main] DEBUG api.test.UserTests2 - ********* User is created *********
15:34:35.987 [main] INFO  api.test.UserTests2 - ********* Reading User Info *********
15:34:36.335 [main] INFO  api.test.UserTests2 - ********* User info is displayed *********
15:34:36.340 [main] INFO  api.test.UserTests2 - ********* Updating User *********
15:34:36.878 [main] INFO  api.test.UserTests2 - ********* User is updated *********
15:34:36.884 [main] INFO  api.test.UserTests2 - ********* Deleting User *********
15:34:37.133 [main] INFO  api.test.UserTests2 - ********* User is deleted *********
15:36:26.483 [main] DEBUG api.test.UserTests2 - ********* Creating User *********
15:36:31.788 [main] DEBUG api.test.UserTests2 - ********* User is created *********
15:36:31.866 [main] INFO  api.test.UserTests2 - ********* Reading User Info *********
15:36:32.227 [main] INFO  api.test.UserTests2 - ********* User info is displayed *********
15:36:32.232 [main] INFO  api.test.UserTests2 - ********* Updating User *********
15:36:32.816 [main] INFO  api.test.UserTests2 - ********* User is updated *********
15:36:32.820 [main] INFO  api.test.UserTests2 - ********* Deleting User *********
15:36:33.091 [main] INFO  api.test.UserTests2 - ********* User is deleted *********
